2023-09-02 03:09:742 INFO  HomePage :24 - click on Building and material link[[FirefoxDriver: firefox on windows (132259b7-f71b-45b5-9fd9-5075336dd605)] -> xpath: //a[contains(text(),'Building Materials')]]
2023-09-02 03:09:18 INFO  BandMPage :56 - click on roof felt[[FirefoxDriver: firefox on windows (132259b7-f71b-45b5-9fd9-5075336dd605)] -> xpath: //a[normalize-space()='Roof Felt']]
2023-09-02 03:09:62 INFO  BandMPage :61 - Verify Text [[FirefoxDriver: firefox on windows (132259b7-f71b-45b5-9fd9-5075336dd605)] -> xpath: //h1[contains(text(),'Roof Felt')]]
2023-09-02 03:09:859 INFO  BandMPage :67 - click on roofKitProxy element for: DefaultElementLocator 'By.xpath: //a[contains(text(),'Skyguard 4ft - 10ft Garden Building Roof Kit')]'
2023-09-02 03:09:607 INFO  HomePage :24 - click on Building and material link[[FirefoxDriver: firefox on windows (16c863ea-2f5d-4e2f-bb2d-663427aa7259)] -> xpath: //a[contains(text(),'Building Materials')]]
2023-09-02 03:09:705 INFO  BandMPage :56 - click on roof felt[[FirefoxDriver: firefox on windows (16c863ea-2f5d-4e2f-bb2d-663427aa7259)] -> xpath: //a[normalize-space()='Roof Felt']]
2023-09-02 03:09:88 INFO  BandMPage :61 - Verify Text [[FirefoxDriver: firefox on windows (16c863ea-2f5d-4e2f-bb2d-663427aa7259)] -> xpath: //h1[contains(text(),'Roof Felt')]]
2023-09-02 03:09:276 INFO  BandMPage :67 - click on roofKit[[FirefoxDriver: firefox on windows (16c863ea-2f5d-4e2f-bb2d-663427aa7259)] -> xpath: //a[contains(text(),'Skyguard 4ft - 10ft Garden Building Roof Kit')]]
2023-09-02 03:09:09 INFO  HomePage :24 - click on Building and material link[[FirefoxDriver: firefox on windows (ef88c142-6077-40ef-a3cc-c63e6277fe12)] -> xpath: //a[contains(text(),'Building Materials')]]
2023-09-02 03:09:420 INFO  BandMPage :56 - click on roof felt[[FirefoxDriver: firefox on windows (ef88c142-6077-40ef-a3cc-c63e6277fe12)] -> xpath: //a[normalize-space()='Roof Felt']]
2023-09-02 03:09:299 INFO  HomePage :24 - click on Building and material link[[FirefoxDriver: firefox on windows (5e041e39-2576-4b5f-8cc7-a96d75abbfa3)] -> xpath: //a[contains(text(),'Building Materials')]]
2023-09-02 03:09:316 INFO  BandMPage :56 - click on roof felt[[FirefoxDriver: firefox on windows (5e041e39-2576-4b5f-8cc7-a96d75abbfa3)] -> xpath: //a[normalize-space()='Roof Felt']]
2023-09-02 03:09:113 INFO  BandMPage :61 - Verify Text [[FirefoxDriver: firefox on windows (5e041e39-2576-4b5f-8cc7-a96d75abbfa3)] -> xpath: //h1[contains(text(),'Roof Felt')]]
2023-09-02 03:09:466 INFO  BandMPage :67 - click on roofKit[[FirefoxDriver: firefox on windows (5e041e39-2576-4b5f-8cc7-a96d75abbfa3)] -> xpath: //a[contains(text(),'Skyguard 4ft - 10ft Garden Building Roof Kit')]]
2023-09-02 04:09:796 INFO  HomePage :24 - click on Building and material link[[FirefoxDriver: firefox on windows (9b889ab1-605e-4a52-b8e5-c66ab33f124f)] -> xpath: //a[contains(text(),'Building Materials')]]
2023-09-02 04:09:793 INFO  BandMPage :56 - click on roof felt[[FirefoxDriver: firefox on windows (9b889ab1-605e-4a52-b8e5-c66ab33f124f)] -> xpath: //a[normalize-space()='Roof Felt']]
2023-09-02 04:09:269 INFO  BandMPage :61 - Verify Text [[FirefoxDriver: firefox on windows (9b889ab1-605e-4a52-b8e5-c66ab33f124f)] -> xpath: //h1[contains(text(),'Roof Felt')]]
2023-09-02 04:09:749 INFO  BandMPage :67 - click on roofKit[[FirefoxDriver: firefox on windows (9b889ab1-605e-4a52-b8e5-c66ab33f124f)] -> xpath: //a[contains(text(),'Skyguard 4ft - 10ft Garden Building Roof Kit')]]
2023-09-02 04:09:881 INFO  HomePage :24 - click on Building and material link[[FirefoxDriver: firefox on windows (cadaf60a-c702-41e3-b0fe-d2cefbfc3b70)] -> xpath: //a[contains(text(),'Building Materials')]]
2023-09-02 04:09:251 INFO  BandMPage :56 - click on roof felt[[FirefoxDriver: firefox on windows (cadaf60a-c702-41e3-b0fe-d2cefbfc3b70)] -> xpath: //a[normalize-space()='Roof Felt']]
2023-09-02 04:09:396 INFO  BandMPage :61 - Verify Text [[FirefoxDriver: firefox on windows (cadaf60a-c702-41e3-b0fe-d2cefbfc3b70)] -> xpath: //h1[contains(text(),'Roof Felt')]]
2023-09-02 04:09:492 INFO  BandMPage :67 - click on roofKit[[FirefoxDriver: firefox on windows (cadaf60a-c702-41e3-b0fe-d2cefbfc3b70)] -> xpath: //a[contains(text(),'Skyguard 4ft - 10ft Garden Building Roof Kit')]]
2023-09-02 04:09:953 INFO  HomePage :24 - click on Building and material link[[FirefoxDriver: firefox on windows (bd38e53a-7323-40d7-a912-3b0336c9124e)] -> xpath: //a[contains(text(),'Building Materials')]]
2023-09-02 04:09:588 INFO  BandMPage :56 - click on roof felt[[FirefoxDriver: firefox on windows (bd38e53a-7323-40d7-a912-3b0336c9124e)] -> xpath: //a[normalize-space()='Roof Felt']]
2023-09-02 04:09:619 INFO  BandMPage :61 - Verify Text [[FirefoxDriver: firefox on windows (bd38e53a-7323-40d7-a912-3b0336c9124e)] -> xpath: //h1[contains(text(),'Roof Felt')]]
2023-09-02 04:09:142 INFO  BandMPage :67 - click on roofKit[[FirefoxDriver: firefox on windows (bd38e53a-7323-40d7-a912-3b0336c9124e)] -> xpath: //a[contains(text(),'Skyguard 4ft - 10ft Garden Building Roof Kit')]]
2023-09-02 04:09:221 INFO  HomePage :24 - click on Building and material link[[FirefoxDriver: firefox on windows (d2129803-52ca-44ae-8701-acb18256b243)] -> xpath: //a[contains(text(),'Building Materials')]]
2023-09-02 04:09:164 INFO  BandMPage :56 - click on roof felt[[FirefoxDriver: firefox on windows (d2129803-52ca-44ae-8701-acb18256b243)] -> xpath: //a[normalize-space()='Roof Felt']]
2023-09-02 04:09:965 INFO  BandMPage :61 - Verify Text [[FirefoxDriver: firefox on windows (d2129803-52ca-44ae-8701-acb18256b243)] -> xpath: //h1[contains(text(),'Roof Felt')]]
2023-09-02 04:09:351 INFO  BandMPage :67 - click on roofKit[[FirefoxDriver: firefox on windows (d2129803-52ca-44ae-8701-acb18256b243)] -> xpath: //a[contains(text(),'Skyguard 4ft - 10ft Garden Building Roof Kit')]]
2023-09-02 04:09:634 INFO  BandMPage :73 - verify Text[[FirefoxDriver: firefox on windows (d2129803-52ca-44ae-8701-acb18256b243)] -> xpath: //h1[contains(text(),'Skyguard 4ft - 10ft Garden Building Roof Kit')]]
2023-09-02 04:09:425 INFO  BandMPage :78 - select from DropDown[[FirefoxDriver: firefox on windows (d2129803-52ca-44ae-8701-acb18256b243)] -> xpath: //select[@id='variant']]
2023-09-02 04:09:752 INFO  BandMPage :83 - clean quantity[[FirefoxDriver: firefox on windows (d2129803-52ca-44ae-8701-acb18256b243)] -> xpath: //input[@id='quantity-field']]
2023-09-02 04:09:550 INFO  BandMPage :88 - add in quantity [[FirefoxDriver: firefox on windows (d2129803-52ca-44ae-8701-acb18256b243)] -> xpath: //input[@id='quantity-field']]
2023-09-02 04:09:238 INFO  BandMPage :93 - click on delivery buttonProxy element for: DefaultElementLocator 'By.xpath: //button[@id='addproduct9000260517']'
2023-09-02 04:09:152 INFO  HomePage :24 - click on Building and material link[[FirefoxDriver: firefox on windows (41303122-2fec-4fcf-bd20-8f719db91870)] -> xpath: //a[contains(text(),'Building Materials')]]
2023-09-02 04:09:401 INFO  BandMPage :56 - click on roof felt[[FirefoxDriver: firefox on windows (41303122-2fec-4fcf-bd20-8f719db91870)] -> xpath: //a[normalize-space()='Roof Felt']]
2023-09-02 04:09:625 INFO  BandMPage :61 - Verify Text [[FirefoxDriver: firefox on windows (41303122-2fec-4fcf-bd20-8f719db91870)] -> xpath: //h1[contains(text(),'Roof Felt')]]
2023-09-02 04:09:26 INFO  BandMPage :67 - click on roofKitProxy element for: DefaultElementLocator 'By.xpath: //a[contains(text(),'Skyguard 4ft - 10ft Garden Building Roof Kit')]'
2023-09-02 18:09:563 INFO  HomePage :24 - click on Building and material link[[FirefoxDriver: firefox on windows (181155b4-ca17-4249-94ba-454b9255c8b1)] -> xpath: //a[contains(text(),'Building Materials')]]
2023-09-02 18:09:290 INFO  BandMPage :56 - click on roof felt[[FirefoxDriver: firefox on windows (181155b4-ca17-4249-94ba-454b9255c8b1)] -> xpath: //a[normalize-space()='Roof Felt']]
2023-09-02 18:09:836 INFO  BandMPage :61 - Verify Text [[FirefoxDriver: firefox on windows (181155b4-ca17-4249-94ba-454b9255c8b1)] -> xpath: //h1[contains(text(),'Roof Felt')]]
2023-09-02 18:09:393 INFO  BandMPage :67 - click on roofKitProxy element for: DefaultElementLocator 'By.xpath: //a[contains(text(),'Skyguard 4ft - 10ft Garden Building Roof Kit')]'
2023-09-03 00:09:678 INFO  HomePage :24 - click on Building and material link[[FirefoxDriver: firefox on windows (d34b8c88-ea6f-40a4-9fc7-5f757bf24da5)] -> xpath: //a[contains(text(),'Building Materials')]]
2023-09-03 00:09:510 INFO  BandMPage :56 - click on roof felt[[FirefoxDriver: firefox on windows (d34b8c88-ea6f-40a4-9fc7-5f757bf24da5)] -> xpath: //a[normalize-space()='Roof Felt']]
2023-09-03 00:09:384 INFO  BandMPage :61 - Verify Text [[FirefoxDriver: firefox on windows (d34b8c88-ea6f-40a4-9fc7-5f757bf24da5)] -> xpath: //h1[contains(text(),'Roof Felt')]]
2023-09-03 00:09:535 INFO  BandMPage :67 - click on roofKit[[FirefoxDriver: firefox on windows (d34b8c88-ea6f-40a4-9fc7-5f757bf24da5)] -> xpath: //a[contains(text(),'Skyguard 4ft - 10ft Garden Building Roof Kit')]]
